<?xml version="1.0" encoding="UTF-8"?>
<!-- Generated by org.testng.reporters.JUnitXMLReporter -->
<testsuite ignored="0" hostname="DESKTOP-VI31472" failures="1" tests="4" name="LoginTestChrome" time="38.386" errors="0" timestamp="2023-08-07T02:10:14 ECT">
  <testcase classname="com.proyect.testcase.TestLogin" name="test" time="4.222"/>
  <testcase classname="com.proyect.testcase.TestRegistroUsuario" name="test" time="4.217"/>
  <testcase classname="com.proyect.testcase.TestRetiroCuenta" name="test" time="8.176"/>
  <testcase classname="com.proyect.testcase.TestTransferenciaCuenta" name="test" time="11.614">
    <failure type="org.openqa.selenium.NoSuchElementException" message="Cannot locate option with text: 17007
For documentation on this error, please visit: https://www.selenium.dev/documentation/webdriver/troubleshooting/errors#no-such-element-exception
Build info: version: &amp;apos;4.11.0&amp;apos;, revision: &amp;apos;040bc5406b&amp;apos;
System info: os.name: &amp;apos;Windows 10&amp;apos;, os.arch: &amp;apos;amd64&amp;apos;, os.version: &amp;apos;10.0&amp;apos;, java.version: &amp;apos;17.0.8&amp;apos;
Driver info: driver.version: unknown">
      <![CDATA[org.openqa.selenium.NoSuchElementException: Cannot locate option with text: 17007
For documentation on this error, please visit: https://www.selenium.dev/documentation/webdriver/troubleshooting/errors#no-such-element-exception
Build info: version: '4.11.0', revision: '040bc5406b'
System info: os.name: 'Windows 10', os.arch: 'amd64', os.version: '10.0', java.version: '17.0.8'
Driver info: driver.version: unknown
at org.openqa.selenium.support.ui.Select.selectByVisibleText(Select.java:153)
at com.proyect.pageobject.TransferenciaPage.transferAcount(TransferenciaPage.java:71)
at com.proyect.testcase.TestTransferenciaCuenta.test(TestTransferenciaCuenta.java:51)
at java.base/java.util.ArrayList.forEach(ArrayList.java:1511)
... Removed 27 stack frames]]>
    </failure>
  </testcase> <!-- test -->
</testsuite> <!-- LoginTestChrome -->
